Download the React DevTools for a better development experience: http://fb.me/react-devtools
You are using the in-browser JSX transformer. Be sure to precompile your JSX for production - http://facebook.github.io/react/docs/tooling-integration.html#jsx
definition of devices is [object Object]
device is [object Object]
Each child in an array should have a unique "key" prop. Check the render method of DeviceList. See http://fb.me/react-warning-keys for more information.
selectedvendor inside dvmethod undefined
display products called..
selectedvendor inside dpmethod undefined
ap:
availableproducts Array[0]
vendor id undefined
vendorids's length 2731
selectedvendor inside dvmethod undefined
display products called..
selectedvendor inside dpmethod undefined
ap:
availableproducts Array[0]
vendor id undefined
display products called..
selectedvendor inside dpmethod undefined
ap:
availableproducts Array[0]
device list from handle change vendor undefined
selectedvendor inside dvmethod 805
display products called..
selectedvendor inside dpmethod 805
ap:
availableproducts ["ATV Turbo / Rally2 Dual Channel USB 2.0 Flash Drive"]
vendor id OCZ Technology Inc
selected vendor nameOCZ Technology Inc
classids are 1,2,3,5,6,7,8,9,10,11,13,14,15,220,224,239,254,255,-1
class name is CDC-Data
usbclass is 10
classids 10
productids 44034
vendorids 805
classids 1,2,3,5,6,7,8,9,10,11,13,14,15,220,224,239,254,255,-1
actionid-1
device is [object Object]
device list from handle change vendor undefined
selectedvendor inside dvmethod 261
display products called..
selectedvendor inside dpmethod 261
ap:
availableproducts ["NW-3100 802.11b/g 54Mbps Wireless Network Adapter [zd1211]"]
vendor id Trust International B.V.
selected vendor nameTrust International B.V.
classids are 1,2,3,5,6,7,8,9,10,11,13,14,15,220,224,239,254,255,-1
class name is USB Hub
usbclass is 9
classids 9
productids 5215
vendorids 5593
classids 1,2,3,5,6,7,8,9,10,11,13,14,15,220,224,239,254,255,-1
actionid1
device is [object Object]
handle import device called
File contents: -1,60186,10000,256,1|-1,1118,245,-1,1|-1,1133,2245,-1,1|-1,1133,2242,5,1|8,-1,-1,-1,1|7,-1,-1,-1,1|-1,-1,-1,-1,0|8,-1,-1,-1,0

usbclass is Any
vname is eMPIA Technology
pname is SilverCrest Webcam
class name:Any
vendor name:eMPIA Technology
product name:SilverCrest Webcam
revision:256
to be imported row:[object Object]
Uncaught TypeError: this.setState is not a function(…)
